<?xml version="1.0" encoding="UTF-8"?>
<!-- Generated by org.testng.reporters.JUnitXMLReporter -->
<testsuite hostname="DESKTOP-TD6L0N5" ignored="0" name="Regression Test" tests="3" failures="3" timestamp="06 Jan 2020 14:30:16 GMT" time="1.684" errors="0">
  <testcase name="UserCanRegisterSuccessfully" time="0.03" classname="tests.UserRegisterationTest">
    <failure type="java.lang.NoClassDefFoundError" message="org/openqa/selenium/WrapsElement">
      <![CDATA[java.lang.NoClassDefFoundError: org/openqa/selenium/WrapsElement
at org.openqa.selenium.support.pagefactory.DefaultFieldDecorator.proxyForLocator(DefaultFieldDecorator.java:101)
at org.openqa.selenium.support.pagefactory.DefaultFieldDecorator.decorate(DefaultFieldDecorator.java:62)
at org.openqa.selenium.support.PageFactory.proxyFields(PageFactory.java:113)
at org.openqa.selenium.support.PageFactory.initElements(PageFactory.java:105)
at org.openqa.selenium.support.PageFactory.initElements(PageFactory.java:92)
at org.openqa.selenium.support.PageFactory.initElements(PageFactory.java:79)
at pages.PageBase.<init>(PageBase.java:20)
at pages.HomePage.<init>(HomePage.java:12)
at tests.UserRegisterationTest.UserCanRegisterSuccessfully(UserRegisterationTest.java:20)
Caused by: java.lang.ClassNotFoundException: org.openqa.selenium.WrapsElement
at java.net.URLClassLoader.findClass(Unknown Source)
at java.lang.ClassLoader.loadClass(Unknown Source)
at sun.misc.Launcher$AppClassLoader.loadClass(Unknown Source)
at java.lang.ClassLoader.loadClass(Unknown Source)
... 34 more
... Removed 25 stack frames]]>
    </failure>
  </testcase> <!-- UserCanRegisterSuccessfully -->
  <testcase name="RegisteredUserCanLogout" time="0.004" classname="tests.UserRegisterationTest">
    <failure type="java.lang.NullPointerException">
      <![CDATA[java.lang.NullPointerException
at tests.UserRegisterationTest.RegisteredUserCanLogout(UserRegisterationTest.java:32)
... Removed 25 stack frames]]>
    </failure>
  </testcase> <!-- RegisteredUserCanLogout -->
  <testcase name="RegisteredUserCanLogin" time="0.002" classname="tests.UserRegisterationTest">
    <failure type="java.lang.NullPointerException">
      <![CDATA[java.lang.NullPointerException
at tests.UserRegisterationTest.RegisteredUserCanLogin(UserRegisterationTest.java:37)
... Removed 25 stack frames]]>
    </failure>
  </testcase> <!-- RegisteredUserCanLogin -->
</testsuite> <!-- Regression Test -->
